Using pre-set license
Built from '2022.3/staging' branch; Version is '2022.3.50f1 (c3db7f8bf9b1) revision 12835711'; Using compiler version '192829333'; Build Type 'Release'
OS: 'Windows 10  (10.0.19045) 64bit Professional' Language: 'zh' Physical Memory: 32619 MB
BatchMode: 1, IsHumanControllingUs: 0, StartBugReporterOnCrash: 0, Is64bit: 1, IsPro: 1

COMMAND LINE ARGUMENTS:
C:\Program Files\Unity\Hub\Editor\2022.3.50f1\Editor\Unity.exe
-adb2
-batchMode
-noUpm
-name
AssetImportWorker0
-projectPath
F:/github_project/Aegis-Protocol/Aegis-Protocol
-logFile
Logs/AssetImportWorker0.log
-srvPort
51739
Successfully changed project path to: F:/github_project/Aegis-Protocol/Aegis-Protocol
F:/github_project/Aegis-Protocol/Aegis-Protocol
[UnityMemory] Configuration Parameters - Can be set up in boot.config
    "memorysetup-bucket-allocator-granularity=16"
    "memorysetup-bucket-allocator-bucket-count=8"
    "memorysetup-bucket-allocator-block-size=33554432"
    "memorysetup-bucket-allocator-block-count=8"
    "memorysetup-main-allocator-block-size=16777216"
    "memorysetup-thread-allocator-block-size=16777216"
    "memorysetup-gfx-main-allocator-block-size=16777216"
    "memorysetup-gfx-thread-allocator-block-size=16777216"
    "memorysetup-cache-allocator-block-size=4194304"
    "memorysetup-typetree-allocator-block-size=2097152"
    "memorysetup-profiler-bucket-allocator-granularity=16"
    "memorysetup-profiler-bucket-allocator-bucket-count=8"
    "memorysetup-profiler-bucket-allocator-block-size=33554432"
    "memorysetup-profiler-bucket-allocator-block-count=8"
    "memorysetup-profiler-allocator-block-size=16777216"
    "memorysetup-profiler-editor-allocator-block-size=1048576"
    "memorysetup-temp-allocator-size-main=16777216"
    "memorysetup-job-temp-allocator-block-size=2097152"
    "memorysetup-job-temp-allocator-block-size-background=1048576"
    "memorysetup-job-temp-allocator-reduction-small-platforms=262144"
    "memorysetup-allocator-temp-initial-block-size-main=262144"
    "memorysetup-allocator-temp-initial-block-size-worker=262144"
    "memorysetup-temp-allocator-size-background-worker=32768"
    "memorysetup-temp-allocator-size-job-worker=262144"
    "memorysetup-temp-allocator-size-preload-manager=33554432"
    "memorysetup-temp-allocator-size-nav-mesh-worker=65536"
    "memorysetup-temp-allocator-size-audio-worker=65536"
    "memorysetup-temp-allocator-size-cloud-worker=32768"
    "memorysetup-temp-allocator-size-gi-baking-worker=262144"
    "memorysetup-temp-allocator-size-gfx=262144"
Player connection [27652]  Target information:

Player connection [27652]  * "[IP] 42.2.51.155 [Port] 0 [Flags] 2 [Guid] 4066150733 [EditorId] 4066150733 [Version] 1048832 [Id] WindowsEditor(7,edmond-PC) [Debug] 1 [PackageName] WindowsEditor [ProjectName] Editor" 

Player connection [27652] Host joined multi-casting on [225.0.0.222:54997]...
Player connection [27652] Host joined alternative multi-casting on [225.0.0.222:34997]...
[PhysX] Initialized MultithreadedTaskDispatcher with 16 workers.
Refreshing native plugins compatible for Editor in 9.63 ms, found 3 plugins.
Preloading 0 native plugins for Editor in 0.00 ms.
Initialize engine version: 2022.3.50f1 (c3db7f8bf9b1)
[Subsystems] Discovering subsystems at path C:/Program Files/Unity/Hub/Editor/2022.3.50f1/Editor/Data/Resources/UnitySubsystems
[Subsystems] Discovering subsystems at path F:/github_project/Aegis-Protocol/Aegis-Protocol/Assets
GfxDevice: creating device client; threaded=0; jobified=0
Direct3D:
    Version:  Direct3D 11.0 [level 11.1]
    Renderer: NVIDIA GeForce RTX 3070 (ID=0x2488)
    Vendor:   NVIDIA
    VRAM:     8018 MB
    Driver:   32.0.15.5585
Initialize mono
Mono path[0] = 'C:/Program Files/Unity/Hub/Editor/2022.3.50f1/Editor/Data/Managed'
Mono path[1] = 'C:/Program Files/Unity/Hub/Editor/2022.3.50f1/Editor/Data/MonoBleedingEdge/lib/mono/unityjit-win32'
Mono config path = 'C:/Program Files/Unity/Hub/Editor/2022.3.50f1/Editor/Data/MonoBleedingEdge/etc'
Using monoOptions --debugger-agent=transport=dt_socket,embedding=1,server=y,suspend=n,address=127.0.0.1:56456
Begin MonoManager ReloadAssembly
Registering precompiled unity dll's ...
Register platform support module: C:/Program Files/Unity/Hub/Editor/2022.3.50f1/Editor/Data/PlaybackEngines/WindowsStandaloneSupport/UnityEditor.WindowsStandalone.Extensions.dll
Registered in 0.014031 seconds.
- Loaded All Assemblies, in  0.447 seconds
Native extension for WindowsStandalone target not found
Mono: successfully reloaded assembly
- Finished resetting the current domain, in  0.337 seconds
Domain Reload Profiling: 781ms
	BeginReloadAssembly (138ms)
		ExecutionOrderSort (0ms)
		DisableScriptedObjects (0ms)
		BackupInstance (0ms)
		ReleaseScriptingObjects (0ms)
		CreateAndSetChildDomain (1ms)
	RebuildCommonClasses (42ms)
	RebuildNativeTypeToScriptingClass (15ms)
	initialDomainReloadingComplete (84ms)
	LoadAllAssembliesAndSetupDomain (165ms)
		LoadAssemblies (134ms)
		RebuildTransferFunctionScriptingTraits (0ms)
		AnalyzeDomain (163ms)
			TypeCache.Refresh (161ms)
				TypeCache.ScanAssembly (142ms)
			ScanForSourceGeneratedMonoScriptInfo (0ms)
			ResolveRequiredComponents (1ms)
	FinalizeReload (338ms)
		ReleaseScriptCaches (0ms)
		RebuildScriptCaches (0ms)
		SetupLoadedEditorAssemblies (279ms)
			LogAssemblyErrors (0ms)
			InitializePlatformSupportModulesInManaged (14ms)
			SetLoadedEditorAssemblies (10ms)
			RefreshPlugins (0ms)
			BeforeProcessingInitializeOnLoad (3ms)
			ProcessInitializeOnLoadAttributes (191ms)
			ProcessInitializeOnLoadMethodAttributes (62ms)
			AfterProcessingInitializeOnLoad (0ms)
			EditorAssembliesLoaded (0ms)
		ExecutionOrderSort2 (0ms)
		AwakeInstancesAfterBackupRestoration (0ms)
========================================================================
Worker process is ready to serve import requests
Caller must complete domain reload
Begin MonoManager ReloadAssembly
- Loaded All Assemblies, in  0.767 seconds
Native extension for WindowsStandalone target not found
Package Manager log level set to [2]
[Package Manager] Server::EnsureServerProcessIsRunning -- launch failed, reason: Unity was launched with the -noUpm command-line argument
[Package Manager] UpmClient::Send -- Unable to send message (not connected to UPM process).
[Package Manager] Cannot connect to Unity Package Manager local server
Mono: successfully reloaded assembly
- Finished resetting the current domain, in  0.748 seconds
Domain Reload Profiling: 1512ms
	BeginReloadAssembly (182ms)
		ExecutionOrderSort (0ms)
		DisableScriptedObjects (7ms)
		BackupInstance (0ms)
		ReleaseScriptingObjects (0ms)
		CreateAndSetChildDomain (21ms)
	RebuildCommonClasses (40ms)
	RebuildNativeTypeToScriptingClass (13ms)
	initialDomainReloadingComplete (55ms)
	LoadAllAssembliesAndSetupDomain (473ms)
		LoadAssemblies (362ms)
		RebuildTransferFunctionScriptingTraits (0ms)
		AnalyzeDomain (221ms)
			TypeCache.Refresh (193ms)
				TypeCache.ScanAssembly (174ms)
			ScanForSourceGeneratedMonoScriptInfo (21ms)
			ResolveRequiredComponents (6ms)
	FinalizeReload (749ms)
		ReleaseScriptCaches (0ms)
		RebuildScriptCaches (0ms)
		SetupLoadedEditorAssemblies (583ms)
			LogAssemblyErrors (0ms)
			InitializePlatformSupportModulesInManaged (9ms)
			SetLoadedEditorAssemblies (4ms)
			RefreshPlugins (0ms)
			BeforeProcessingInitializeOnLoad (75ms)
			ProcessInitializeOnLoadAttributes (455ms)
			ProcessInitializeOnLoadMethodAttributes (26ms)
			AfterProcessingInitializeOnLoad (13ms)
			EditorAssembliesLoaded (0ms)
		ExecutionOrderSort2 (0ms)
		AwakeInstancesAfterBackupRestoration (9ms)
Launched and connected shader compiler UnityShaderCompiler.exe after 0.05 seconds
Refreshing native plugins compatible for Editor in 2.08 ms, found 3 plugins.
Preloading 0 native plugins for Editor in 0.00 ms.
Unloading 3464 Unused Serialized files (Serialized files now loaded: 0)
Unloading 20 unused Assets / (112.6 KB). Loaded Objects now: 3948.
Memory consumption went from 142.0 MB to 141.9 MB.
Total: 2.711500 ms (FindLiveObjects: 0.179200 ms CreateObjectMapping: 0.089400 ms MarkObjects: 2.302600 ms  DeleteObjects: 0.139400 ms)

AssetImportParameters requested are different than current active one (requested -> active):
  custom:container-demuxer-ogg: 62fdf1f143b41e24485cea50d1cbac27 -> 
  custom:video-decoder-ogg-theora: a1e56fd34408186e4bbccfd4996cb3dc -> 
  custom:framework-win-MediaFoundation: 216162199b28c13a410421893ffa2e32 -> 
  custom:CustomObjectIndexerAttribute: 9a22284fe3817be447336de3de66b15e -> 
  custom:container-demuxer-webm: 4f35f7cbe854078d1ac9338744f61a02 -> 
  custom:container-muxer-webm: aa71ff27fc2769a1b78a27578f13a17b -> 
  custom:video-decoder-webm-vp8: 9c59270c3fd7afecdb556c50c9e8de78 -> 
  custom:SearchIndexIgnoredProperties: e643bd26f0fe6173181afceb89e7c659 -> 
  custom:AudioImporter_EditorPlatform: d09bf68614088b80899f8185d706f6e7 -> 
  custom:video-encoder-webm-vp8: eb34c28f22e8b96e1ab97ce403110664 -> 
  custom:audio-decoder-ogg-vorbis: bf7c407c2cedff20999df2af8eb42d56 -> 
  custom:audio-encoder-webm-vorbis: bf7c407c2cedff20999df2af8eb42d56 -> 
========================================================================
Received Import Request.
  Time since last request: 2720.391907 seconds.
  path: Assets/texture/NewLayer 2.terrainlayer
  artifactKey: Guid(8695ae2c7d8908f4497b7735b6781dec) Importer(815301076,1909f56bfc062723c751e8b465ee728b)
Start importing Assets/texture/NewLayer 2.terrainlayer using Guid(8695ae2c7d8908f4497b7735b6781dec) Importer(815301076,1909f56bfc062723c751e8b465ee728b) [PhysX] Initialized MultithreadedTaskDispatcher with 16 workers.
 -> (artifact id: '02f50030ad41fa22cc56953722d8d493') in 0.075046 seconds
Number of updated asset objects reloaded before import = 0
Number of asset objects unloaded after import = 2
========================================================================
Received Import Request.
  Time since last request: 366.110457 seconds.
  path: Assets/New Terrain 1.asset
  artifactKey: Guid(b5f57efce76ac0c499133b752d9ccc92) Importer(815301076,1909f56bfc062723c751e8b465ee728b)
Start importing Assets/New Terrain 1.asset using Guid(b5f57efce76ac0c499133b752d9ccc92) Importer(815301076,1909f56bfc062723c751e8b465ee728b) [PhysX] Initialized MultithreadedTaskDispatcher with 16 workers.
[PhysX] Initialized MultithreadedTaskDispatcher with 16 workers.
 -> (artifact id: '39ddb76b0afd4032e1177a8e7a3aa291') in 0.033845 seconds
Number of updated asset objects reloaded before import = 0
Number of asset objects unloaded after import = 3
========================================================================
Received Import Request.
  Time since last request: 1.940473 seconds.
  path: Assets
  artifactKey: Guid(00000000000000001000000000000000) Importer(815301076,1909f56bfc062723c751e8b465ee728b)
Start importing Assets using Guid(00000000000000001000000000000000) Importer(815301076,1909f56bfc062723c751e8b465ee728b) [PhysX] Initialized MultithreadedTaskDispatcher with 16 workers.
 -> (artifact id: 'ae5280ad91af67e2a353905758f96678') in 0.000482 seconds
Number of updated asset objects reloaded before import = 0
Number of asset objects unloaded after import = 0
========================================================================
Received Import Request.
  Time since last request: 3.801859 seconds.
  path: Assets/model
  artifactKey: Guid(2e1596a447443bb48bfd942df1cdc145) Importer(815301076,1909f56bfc062723c751e8b465ee728b)
Start importing Assets/model using Guid(2e1596a447443bb48bfd942df1cdc145) Importer(815301076,1909f56bfc062723c751e8b465ee728b) [PhysX] Initialized MultithreadedTaskDispatcher with 16 workers.
 -> (artifact id: '2a63971a7b44e193fa78f31b8b98c95f') in 0.000463 seconds
Number of updated asset objects reloaded before import = 0
Number of asset objects unloaded after import = 0
========================================================================
Received Import Request.
  Time since last request: 6.539818 seconds.
  path: Assets/model/scw_v02.fbx
  artifactKey: Guid(7ff78f7a8d4d4444388c2ee4b2626ee9) Importer(815301076,1909f56bfc062723c751e8b465ee728b)
Start importing Assets/model/scw_v02.fbx using Guid(7ff78f7a8d4d4444388c2ee4b2626ee9) Importer(815301076,1909f56bfc062723c751e8b465ee728b) [PhysX] Initialized MultithreadedTaskDispatcher with 16 workers.
[PhysX] Initialized MultithreadedTaskDispatcher with 16 workers.
[PhysX] Initialized MultithreadedTaskDispatcher with 16 workers.
[PhysX] Initialized MultithreadedTaskDispatcher with 16 workers.
[PhysX] Initialized MultithreadedTaskDispatcher with 16 workers.
 -> (artifact id: 'b4ce2de1e075a970d76316bb918574b1') in 0.093751 seconds
Number of updated asset objects reloaded before import = 0
Number of asset objects unloaded after import = 9
========================================================================
Received Import Request.
  Time since last request: 508.334932 seconds.
  path: Assets/model/Plane.prefab
  artifactKey: Guid(c734bc366c9c70d4bab8173f36252981) Importer(815301076,1909f56bfc062723c751e8b465ee728b)
Start importing Assets/model/Plane.prefab using Guid(c734bc366c9c70d4bab8173f36252981) Importer(815301076,1909f56bfc062723c751e8b465ee728b) [PhysX] Initialized MultithreadedTaskDispatcher with 16 workers.
 -> (artifact id: 'd58c0eab348863003b0368a8ee6bca45') in 0.039892 seconds
Number of updated asset objects reloaded before import = 0
Number of asset objects unloaded after import = 9
========================================================================
Received Import Request.
  Time since last request: 0.072058 seconds.
  path: Assets/model/Cube (15).prefab
  artifactKey: Guid(3a5eccf50d7e50d428628041568eb529) Importer(815301076,1909f56bfc062723c751e8b465ee728b)
Start importing Assets/model/Cube (15).prefab using Guid(3a5eccf50d7e50d428628041568eb529) Importer(815301076,1909f56bfc062723c751e8b465ee728b) [PhysX] Initialized MultithreadedTaskDispatcher with 16 workers.
 -> (artifact id: 'ee3c4de556c6d5c412771efdbb524a3a') in 0.002348 seconds
Number of updated asset objects reloaded before import = 0
Number of asset objects unloaded after import = 9
========================================================================
Received Import Request.
  Time since last request: 0.000022 seconds.
  path: Assets/model/Cube (14).prefab
  artifactKey: Guid(c594093a8f3c24a4aac303f06abd572d) Importer(815301076,1909f56bfc062723c751e8b465ee728b)
Start importing Assets/model/Cube (14).prefab using Guid(c594093a8f3c24a4aac303f06abd572d) Importer(815301076,1909f56bfc062723c751e8b465ee728b) [PhysX] Initialized MultithreadedTaskDispatcher with 16 workers.
 -> (artifact id: 'd116a037cfcdc22a8fad91f8954192cd') in 0.002230 seconds
Number of updated asset objects reloaded before import = 0
Number of asset objects unloaded after import = 9
========================================================================
Received Import Request.
  Time since last request: 0.000019 seconds.
  path: Assets/model/PolyShape.prefab
  artifactKey: Guid(d0a3240b0d8c81841b313f194f1fd7d1) Importer(815301076,1909f56bfc062723c751e8b465ee728b)
Start importing Assets/model/PolyShape.prefab using Guid(d0a3240b0d8c81841b313f194f1fd7d1) Importer(815301076,1909f56bfc062723c751e8b465ee728b) [PhysX] Initialized MultithreadedTaskDispatcher with 16 workers.
 -> (artifact id: '8db6ac5b4ec70dc39096b6c755d2bbfa') in 0.002807 seconds
Number of updated asset objects reloaded before import = 0
Number of asset objects unloaded after import = 9
========================================================================
Received Import Request.
  Time since last request: 0.000018 seconds.
  path: Assets/model/Cube (18).prefab
  artifactKey: Guid(a9867593c46942246b60ec2dfb94a2e6) Importer(815301076,1909f56bfc062723c751e8b465ee728b)
Start importing Assets/model/Cube (18).prefab using Guid(a9867593c46942246b60ec2dfb94a2e6) Importer(815301076,1909f56bfc062723c751e8b465ee728b) [PhysX] Initialized MultithreadedTaskDispatcher with 16 workers.
 -> (artifact id: 'ed63e29bf946ee1f2f2adfe30a33e5fa') in 0.002064 seconds
Number of updated asset objects reloaded before import = 0
Number of asset objects unloaded after import = 9
========================================================================
Received Import Request.
  Time since last request: 0.000022 seconds.
  path: Assets/model/Plane (1).prefab
  artifactKey: Guid(7f5b5f137e3d42d4fa3fcd16e7e6c367) Importer(815301076,1909f56bfc062723c751e8b465ee728b)
Start importing Assets/model/Plane (1).prefab using Guid(7f5b5f137e3d42d4fa3fcd16e7e6c367) Importer(815301076,1909f56bfc062723c751e8b465ee728b) [PhysX] Initialized MultithreadedTaskDispatcher with 16 workers.
 -> (artifact id: '481d7b05ed3e6b11180e5fd1c693301c') in 0.002106 seconds
Number of updated asset objects reloaded before import = 0
Number of asset objects unloaded after import = 9
========================================================================
Received Import Request.
  Time since last request: 0.000019 seconds.
  path: Assets/model/Cylinder (5).prefab
  artifactKey: Guid(358f995b5d9d1b443aa08b968901ff80) Importer(815301076,1909f56bfc062723c751e8b465ee728b)
Start importing Assets/model/Cylinder (5).prefab using Guid(358f995b5d9d1b443aa08b968901ff80) Importer(815301076,1909f56bfc062723c751e8b465ee728b) [PhysX] Initialized MultithreadedTaskDispatcher with 16 workers.
 -> (artifact id: 'e78ec423a89e58f332e03a8d8ac90338') in 0.002783 seconds
Number of updated asset objects reloaded before import = 0
Number of asset objects unloaded after import = 10
========================================================================
Received Import Request.
  Time since last request: 0.000020 seconds.
  path: Assets/model/Terrain.prefab
  artifactKey: Guid(5b7861f2872cf7d44aeb46e886729d6a) Importer(815301076,1909f56bfc062723c751e8b465ee728b)
Start importing Assets/model/Terrain.prefab using Guid(5b7861f2872cf7d44aeb46e886729d6a) Importer(815301076,1909f56bfc062723c751e8b465ee728b) [PhysX] Initialized MultithreadedTaskDispatcher with 16 workers.
 -> (artifact id: 'd9ba71a2da6f788042fee691763f1bae') in 0.002083 seconds
Number of updated asset objects reloaded before import = 0
Number of asset objects unloaded after import = 6
========================================================================
Received Import Request.
  Time since last request: 0.000025 seconds.
  path: Assets/model/Cylinder (2).prefab
  artifactKey: Guid(419d46c7bbc180945b4daadc038e000f) Importer(815301076,1909f56bfc062723c751e8b465ee728b)
Start importing Assets/model/Cylinder (2).prefab using Guid(419d46c7bbc180945b4daadc038e000f) Importer(815301076,1909f56bfc062723c751e8b465ee728b) [PhysX] Initialized MultithreadedTaskDispatcher with 16 workers.
 -> (artifact id: 'fd220aa35db0084cf420526344497e92') in 0.003263 seconds
Number of updated asset objects reloaded before import = 0
Number of asset objects unloaded after import = 10
========================================================================
Received Import Request.
  Time since last request: 0.000024 seconds.
  path: Assets/model/Main Camera.prefab
  artifactKey: Guid(77ebb15ff8ec76943bc33f865029ed0d) Importer(815301076,1909f56bfc062723c751e8b465ee728b)
Start importing Assets/model/Main Camera.prefab using Guid(77ebb15ff8ec76943bc33f865029ed0d) Importer(815301076,1909f56bfc062723c751e8b465ee728b) [PhysX] Initialized MultithreadedTaskDispatcher with 16 workers.
 -> (artifact id: '65a3772dfdac9c50292e004c7873ee5d') in 0.001989 seconds
Number of updated asset objects reloaded before import = 0
Number of asset objects unloaded after import = 6
========================================================================
Received Import Request.
  Time since last request: 0.000022 seconds.
  path: Assets/model/Cylinder (3).prefab
  artifactKey: Guid(7b63a3aaad8cd89408259de6db7e66f6) Importer(815301076,1909f56bfc062723c751e8b465ee728b)
Start importing Assets/model/Cylinder (3).prefab using Guid(7b63a3aaad8cd89408259de6db7e66f6) Importer(815301076,1909f56bfc062723c751e8b465ee728b) [PhysX] Initialized MultithreadedTaskDispatcher with 16 workers.
 -> (artifact id: '8be162efcdb35f8ff96864b67f25bf64') in 0.003329 seconds
Number of updated asset objects reloaded before import = 0
Number of asset objects unloaded after import = 10
========================================================================
Received Import Request.
  Time since last request: 0.000021 seconds.
  path: Assets/model/Cube (20).prefab
  artifactKey: Guid(0af85d4bc7fa6a447a9235566ebca761) Importer(815301076,1909f56bfc062723c751e8b465ee728b)
Start importing Assets/model/Cube (20).prefab using Guid(0af85d4bc7fa6a447a9235566ebca761) Importer(815301076,1909f56bfc062723c751e8b465ee728b) [PhysX] Initialized MultithreadedTaskDispatcher with 16 workers.
[PhysX] Initialized MultithreadedTaskDispatcher with 16 workers.
 -> (artifact id: '736c872efe29279e0064bdbcb29f5608') in 0.014293 seconds
Number of updated asset objects reloaded before import = 0
Number of asset objects unloaded after import = 7
========================================================================
Received Import Request.
  Time since last request: 0.000024 seconds.
  path: Assets/model/Cube (17).prefab
  artifactKey: Guid(cca969a890358784ab9eefd89baa72a4) Importer(815301076,1909f56bfc062723c751e8b465ee728b)
Start importing Assets/model/Cube (17).prefab using Guid(cca969a890358784ab9eefd89baa72a4) Importer(815301076,1909f56bfc062723c751e8b465ee728b) [PhysX] Initialized MultithreadedTaskDispatcher with 16 workers.
 -> (artifact id: '3f58317ecd1a27bef4f33a612d3bbc76') in 0.002146 seconds
Number of updated asset objects reloaded before import = 0
Number of asset objects unloaded after import = 9
========================================================================
Received Import Request.
  Time since last request: 17.246393 seconds.
  path: Assets/model/Cube (12).prefab
  artifactKey: Guid(404367536e71b3943881ddbe3f248236) Importer(815301076,1909f56bfc062723c751e8b465ee728b)
Start importing Assets/model/Cube (12).prefab using Guid(404367536e71b3943881ddbe3f248236) Importer(815301076,1909f56bfc062723c751e8b465ee728b) [PhysX] Initialized MultithreadedTaskDispatcher with 16 workers.
 -> (artifact id: '94ef1f33d95f075072224e9bc457a515') in 0.002691 seconds
Number of updated asset objects reloaded before import = 0
Number of asset objects unloaded after import = 9
========================================================================
Received Import Request.
  Time since last request: 0.012814 seconds.
  path: Assets/model/Cube (10).prefab
  artifactKey: Guid(0c2a1290079eeeb4b90e505c25acd9a3) Importer(815301076,1909f56bfc062723c751e8b465ee728b)
Start importing Assets/model/Cube (10).prefab using Guid(0c2a1290079eeeb4b90e505c25acd9a3) Importer(815301076,1909f56bfc062723c751e8b465ee728b) [PhysX] Initialized MultithreadedTaskDispatcher with 16 workers.
 -> (artifact id: '66bf5263b9d52ace4f77c9d57acc6c7c') in 0.002019 seconds
Number of updated asset objects reloaded before import = 0
Number of asset objects unloaded after import = 9
========================================================================
Received Import Request.
  Time since last request: 0.027684 seconds.
  path: Assets/model/Cube (8).prefab
  artifactKey: Guid(ab2468eebc7ba16449ce694c832b8778) Importer(815301076,1909f56bfc062723c751e8b465ee728b)
Start importing Assets/model/Cube (8).prefab using Guid(ab2468eebc7ba16449ce694c832b8778) Importer(815301076,1909f56bfc062723c751e8b465ee728b) [PhysX] Initialized MultithreadedTaskDispatcher with 16 workers.
 -> (artifact id: 'aecd75616cd7f1e595ee4549bfef9881') in 0.002297 seconds
Number of updated asset objects reloaded before import = 0
Number of asset objects unloaded after import = 9
========================================================================
Received Import Request.
  Time since last request: 0.026609 seconds.
  path: Assets/model/Cube (6).prefab
  artifactKey: Guid(8f0fefc13f7ea1a4ab27a49766cdabab) Importer(815301076,1909f56bfc062723c751e8b465ee728b)
Start importing Assets/model/Cube (6).prefab using Guid(8f0fefc13f7ea1a4ab27a49766cdabab) Importer(815301076,1909f56bfc062723c751e8b465ee728b) [PhysX] Initialized MultithreadedTaskDispatcher with 16 workers.
 -> (artifact id: 'd34abfa8eae1d01b6dc7c2e771ea6d98') in 0.002186 seconds
Number of updated asset objects reloaded before import = 0
Number of asset objects unloaded after import = 9
========================================================================
Received Import Request.
  Time since last request: 0.025712 seconds.
  path: Assets/model/Cube (4).prefab
  artifactKey: Guid(481bf7b107b8f4f439bfe241dadfc9bd) Importer(815301076,1909f56bfc062723c751e8b465ee728b)
Start importing Assets/model/Cube (4).prefab using Guid(481bf7b107b8f4f439bfe241dadfc9bd) Importer(815301076,1909f56bfc062723c751e8b465ee728b) [PhysX] Initialized MultithreadedTaskDispatcher with 16 workers.
 -> (artifact id: 'e8f1ec89b8c7df17f8cdf8bc3ffbf155') in 0.002389 seconds
Number of updated asset objects reloaded before import = 0
Number of asset objects unloaded after import = 9
========================================================================
Received Import Request.
  Time since last request: 0.186514 seconds.
  path: Assets/model/Cube (2).prefab
  artifactKey: Guid(a8433e99ddfb2de4cbed1daf07d7cf70) Importer(815301076,1909f56bfc062723c751e8b465ee728b)
Start importing Assets/model/Cube (2).prefab using Guid(a8433e99ddfb2de4cbed1daf07d7cf70) Importer(815301076,1909f56bfc062723c751e8b465ee728b) [PhysX] Initialized MultithreadedTaskDispatcher with 16 workers.
 -> (artifact id: 'a9deca2d103cfef2193fe613e392a265') in 0.002505 seconds
Number of updated asset objects reloaded before import = 0
Number of asset objects unloaded after import = 9
========================================================================
Received Import Request.
  Time since last request: 0.025033 seconds.
  path: Assets/model/Cube.prefab
  artifactKey: Guid(7d4acd944d7dc154ebf681631db99a76) Importer(815301076,1909f56bfc062723c751e8b465ee728b)
Start importing Assets/model/Cube.prefab using Guid(7d4acd944d7dc154ebf681631db99a76) Importer(815301076,1909f56bfc062723c751e8b465ee728b) [PhysX] Initialized MultithreadedTaskDispatcher with 16 workers.
 -> (artifact id: 'd97c6a85142efb2ba17deae2a38ee782') in 0.002269 seconds
Number of updated asset objects reloaded before import = 0
Number of asset objects unloaded after import = 9
